<?xml version="1.0" encoding="UTF-8"?>
<testsuite xmlns:xsi="http://www.w3.org/2001/XMLSchema-instance" xsi:noNamespaceSchemaLocation="https://maven.apache.org/surefire/maven-surefire-plugin/xsd/surefire-test-report-3.0.xsd" version="3.0" name="Tests.ProductAPITest" time="4.547" tests="2" errors="0" skipped="0" failures="0">
  <properties>
[...]
</properties>
  <testcase name="testGetCertainProduct" classname="Tests.ProductAPITest" time="2.831"/>
  <testcase name="testGetAllProducts" classname="Tests.ProductAPITest" time="1.202"/>
</testsuite>